Performing C SOURCE FILE Test CMAKE_HAVE_LIBC_PTHREAD failed with the following output:
Change Dir: /home/pi/Desktop/MeowXMonster/build/CMakeFiles/CMakeTmp

Run Build Command(s):/usr/bin/gmake cmTC_f3351/fast && /usr/bin/gmake  -f CMakeFiles/cmTC_f3351.dir/build.make CMakeFiles/cmTC_f3351.dir/build
gmake[1]: Entering directory '/home/pi/Desktop/MeowXMonster/build/CMakeFiles/CMakeTmp'
Building C object CMakeFiles/cmTC_f3351.dir/src.c.o
/usr/bin/arm-linux-gnueabihf-gcc   -fno-strict-aliasing -Werror=implicit-function-declaration -Werror=pointer-arith  -DCMAKE_HAVE_LIBC_PTHREAD -o CMakeFiles/cmTC_f3351.dir/src.c.o -c /home/pi/Desktop/MeowXMonster/build/CMakeFiles/CMakeTmp/src.c
Linking C executable cmTC_f3351
/usr/bin/cmake -E cmake_link_script CMakeFiles/cmTC_f3351.dir/link.txt --verbose=1
/usr/bin/arm-linux-gnueabihf-gcc -fno-strict-aliasing -Werror=implicit-function-declaration -Werror=pointer-arith  -DCMAKE_HAVE_LIBC_PTHREAD -rdynamic CMakeFiles/cmTC_f3351.dir/src.c.o -o cmTC_f3351 
/usr/bin/ld: CMakeFiles/cmTC_f3351.dir/src.c.o: in function `main':
src.c:(.text+0x40): undefined reference to `pthread_create'
/usr/bin/ld: src.c:(.text+0x4c): undefined reference to `pthread_detach'
/usr/bin/ld: src.c:(.text+0x58): undefined reference to `pthread_cancel'
/usr/bin/ld: src.c:(.text+0x68): undefined reference to `pthread_join'
collect2: error: ld returned 1 exit status
gmake[1]: *** [CMakeFiles/cmTC_f3351.dir/build.make:106: cmTC_f3351] Error 1
gmake[1]: Leaving directory '/home/pi/Desktop/MeowXMonster/build/CMakeFiles/CMakeTmp'
gmake: *** [Makefile:140: cmTC_f3351/fast] Error 2


Source file was:
#include <pthread.h>

void* test_func(void* data)
{
  return data;
}

int main(void)
{
  pthread_t thread;
  pthread_create(&thread, NULL, test_func, NULL);
  pthread_detach(thread);
  pthread_cancel(thread);
  pthread_join(thread, NULL);
  pthread_atfork(NULL, NULL, NULL);
  pthread_exit(NULL);

  return 0;
}

Determining if the function pthread_create exists in the pthreads failed with the following output:
Change Dir: /home/pi/Desktop/MeowXMonster/build/CMakeFiles/CMakeTmp

Run Build Command(s):/usr/bin/gmake cmTC_83a0c/fast && /usr/bin/gmake  -f CMakeFiles/cmTC_83a0c.dir/build.make CMakeFiles/cmTC_83a0c.dir/build
gmake[1]: Entering directory '/home/pi/Desktop/MeowXMonster/build/CMakeFiles/CMakeTmp'
Building C object CMakeFiles/cmTC_83a0c.dir/CheckFunctionExists.c.o
/usr/bin/arm-linux-gnueabihf-gcc   -fno-strict-aliasing -Werror=implicit-function-declaration -Werror=pointer-arith  -DCHECK_FUNCTION_EXISTS=pthread_create -std=gnu99 -o CMakeFiles/cmTC_83a0c.dir/CheckFunctionExists.c.o -c /usr/share/cmake-3.18/Modules/CheckFunctionExists.c
Linking C executable cmTC_83a0c
/usr/bin/cmake -E cmake_link_script CMakeFiles/cmTC_83a0c.dir/link.txt --verbose=1
/usr/bin/arm-linux-gnueabihf-gcc -fno-strict-aliasing -Werror=implicit-function-declaration -Werror=pointer-arith  -DCHECK_FUNCTION_EXISTS=pthread_create CMakeFiles/cmTC_83a0c.dir/CheckFunctionExists.c.o -o cmTC_83a0c  -lpthreads 
/usr/bin/ld: cannot find -lpthreads
collect2: error: ld returned 1 exit status
gmake[1]: *** [CMakeFiles/cmTC_83a0c.dir/build.make:106: cmTC_83a0c] Error 1
gmake[1]: Leaving directory '/home/pi/Desktop/MeowXMonster/build/CMakeFiles/CMakeTmp'
gmake: *** [Makefile:140: cmTC_83a0c/fast] Error 2



